2020-10-25T11:43:03	STARTUP		Update started
2020-10-25T11:43:03	ENV		Checking if running
2020-10-25T11:43:03	ENV		Checking if current operating system is supported (darwin19)
2020-10-25T11:44:09	STARTUP		Update started
2020-10-25T11:44:09	ENV		Checking if /Users/binarymisfit/.update_in_progress exists
2020-10-25T11:44:09	ENV		Creating /Users/binarymisfit/.update_in_progress
2020-10-25T11:44:09	ENV		Checking if current operating system is supported (darwin19)
2020-10-25T11:46:10	STARTUP		Update started
2020-10-25T11:46:10	ENV		Checking if /Users/binarymisfit/.update_in_progress exists
2020-10-25T11:46:10	ENV		Creating /Users/binarymisfit/.update_in_progress
2020-10-25T11:46:10	ENV		Checking if current operating system is supported (darwin19)
2020-10-25T11:46:10	ENV		Operating system is osx
2020-10-25T11:48:21	STARTUP		Update started
2020-10-25T11:48:21	STARTUP		DIR_DOT_FILES=/Users/binarymisfit/.dotfiles
2020-10-25T11:48:21	ENV		Checking if /Users/binarymisfit/.update_in_progress exists
2020-10-25T11:48:21	ENV		Creating /Users/binarymisfit/.update_in_progress
2020-10-25T11:48:21	ENV		Checking if current operating system is supported (darwin19)
2020-10-25T11:48:21	ENV		Operating system is osx
2020-10-25T11:48:21	ENV		Checking if user can run sudo
2020-10-25T11:50:18	STARTUP		Update started
2020-10-25T11:50:18	STARTUP		DIR_DOT_FILES = /Users/binarymisfit/.dotfiles
2020-10-25T11:50:18	STARTUP		FILE_BUSY = /Users/binarymisfit/.update_in_progress
2020-10-25T11:50:18	STARTUP		FILE_LOG = /Users/binarymisfit/.dotfiles/log/update_env.log
2020-10-25T11:50:18	ENV		Checking if /Users/binarymisfit/.update_in_progress exists
2020-10-25T11:50:18	ENV		Creating /Users/binarymisfit/.update_in_progress
2020-10-25T11:50:18	ENV		Checking if current operating system is supported (darwin19)
2020-10-25T11:50:18	ENV		Operating system is osx
2020-10-25T11:50:18	ENV		Checking if user can run sudo
2020-10-25T11:52:09	STARTUP		Update started
2020-10-25T11:52:09	STARTUP		DIR_DOT_FILES = /Users/binarymisfit/.dotfiles
2020-10-25T11:52:09	STARTUP		FILE_BUSY = /Users/binarymisfit/.update_in_progress
2020-10-25T11:52:09	STARTUP		FILE_LOG = /Users/binarymisfit/.dotfiles/log/update_env.log
2020-10-25T11:52:09	ENV		Checking if /Users/binarymisfit/.update_in_progress exists
2020-10-25T11:52:10	ENV		TMUX = 
2020-10-25T11:52:10	ENV		TERM_PROGRAM = iTerm.app
2020-10-25T11:52:10	ENV		Creating /Users/binarymisfit/.update_in_progress
2020-10-25T11:52:10	ENV		Checking if current operating system is supported (darwin19)
2020-10-25T11:52:10	ENV		Operating system is osx
2020-10-25T11:52:10	ENV		Checking if user can run sudo
2020-10-25T11:55:23	STARTUP		Update started
2020-10-25T11:55:23	STARTUP		DIR_DOT_FILES = /Users/binarymisfit/.dotfiles
2020-10-25T11:55:23	STARTUP		FILE_BUSY = /Users/binarymisfit/.update_in_progress
2020-10-25T11:55:23	STARTUP		FILE_LOG = /Users/binarymisfit/.dotfiles/log/update_env.log
2020-10-25T11:55:23	ENV		Checking if /Users/binarymisfit/.update_in_progress exists
2020-10-25T11:55:23	ENV		TMUX = 
2020-10-25T11:55:23	ENV		TERM_PROGRAM = iTerm.app
2020-10-25T11:55:23	ENV		Creating /Users/binarymisfit/.update_in_progress
2020-10-25T11:55:23	ENV		Checking if current operating system is supported (darwin19)
2020-10-25T11:55:23	ENV		Operating system is osx
2020-10-25T11:55:23	ENV		Checking if user can run sudo
2020-10-25T11:55:23	ENV		APP_SUDO = /usr/bin/sudo
2020-10-25T11:55:23	ENV		USER_ID = 501
2020-10-25T11:55:23	ENV		USER_IS_ROOT = false
2020-10-25T11:55:23	ENV		USER_IS_SUDO = true
2020-10-25T11:57:46	STARTUP		Update started
2020-10-25T11:57:46	STARTUP		DIR_DOT_FILES = /Users/binarymisfit/.dotfiles
2020-10-25T11:57:46	STARTUP		FILE_BUSY = /Users/binarymisfit/.update_in_progress
2020-10-25T11:57:46	STARTUP		FILE_LOG = /Users/binarymisfit/.dotfiles/log/update_env.log
2020-10-25T11:57:46	ENV		Checking if /Users/binarymisfit/.update_in_progress exists
2020-10-25T11:57:46	ENV		TMUX = 
2020-10-25T11:57:46	ENV		TERM_PROGRAM = iTerm.app
2020-10-25T11:57:46	ERROR		Already running
2020-10-25T11:57:59	STARTUP		Update started
2020-10-25T11:57:59	STARTUP		DIR_DOT_FILES = /Users/binarymisfit/.dotfiles
2020-10-25T11:57:59	STARTUP		FILE_BUSY = /Users/binarymisfit/.update_in_progress
2020-10-25T11:57:59	STARTUP		FILE_LOG = /Users/binarymisfit/.dotfiles/log/update_env.log
2020-10-25T11:57:59	ENV		Checking if /Users/binarymisfit/.update_in_progress exists
2020-10-25T11:57:59	ENV		TMUX = 
2020-10-25T11:57:59	ENV		TERM_PROGRAM = iTerm.app
2020-10-25T11:57:59	ENV		Creating /Users/binarymisfit/.update_in_progress
2020-10-25T11:57:59	ENV		Checking if current operating system is supported (darwin19)
2020-10-25T11:57:59	ENV		Operating system is osx
2020-10-25T11:57:59	ENV		Checking if user can run sudo
2020-10-25T11:57:59	ENV		APP_SUDO = /usr/bin/sudo
2020-10-25T11:57:59	ENV		USER_ID = 501
2020-10-25T11:57:59	ENV		USER_IS_ROOT = false
2020-10-25T11:57:59	ENV		USER_IS_SUDO = true
2020-10-25T11:57:59	ENV		FILE_ENV = /Users/binarymisfit/.environment.zsh
2020-10-25T11:57:59	ENV		Checking if /Users/binarymisfit/.environment.zsh exists
2020-10-25T11:57:59	ENV		Sourcing /Users/binarymisfit/.environment.zsh
2020-10-25T12:00:01	STARTUP		Update started
2020-10-25T12:00:01	STARTUP		DIR_DOT_FILES = /Users/binarymisfit/.dotfiles
2020-10-25T12:00:01	STARTUP		FILE_BUSY = /Users/binarymisfit/.update_in_progress
2020-10-25T12:00:01	STARTUP		FILE_LOG = /Users/binarymisfit/.dotfiles/log/update_env.log
2020-10-25T12:00:01	ENV		Checking if /Users/binarymisfit/.update_in_progress exists
2020-10-25T12:00:01	ENV		TMUX = 
2020-10-25T12:00:01	ENV		TERM_PROGRAM = iTerm.app
2020-10-25T12:00:01	ENV		Creating /Users/binarymisfit/.update_in_progress
2020-10-25T12:00:01	ENV		Checking if current operating system is supported (darwin19)
2020-10-25T12:00:01	ENV		Operating system is osx
2020-10-25T12:00:01	ENV		Checking if user can run sudo
2020-10-25T12:00:02	ENV		APP_SUDO = /usr/bin/sudo
2020-10-25T12:00:02	ENV		USER_ID = 501
2020-10-25T12:00:02	ENV		USER_IS_ROOT = false
2020-10-25T12:00:02	ENV		USER_IS_SUDO = true
2020-10-25T12:00:02	ENV		FILE_ENV = /Users/binarymisfit/.environment.zsh
2020-10-25T12:00:02	ENV		Checking if /Users/binarymisfit/.environment.zsh exists
2020-10-25T12:00:02	ENV		Sourcing /Users/binarymisfit/.environment.zsh
2020-10-25T12:00:02	ENV		COLORTERM = truecolor
2020-10-25T12:00:02	ENV		USER_ID = 501
2020-10-25T12:00:02	ENV		USER_IS_ROOT = false
2020-10-25T12:00:02	ENV		USER_IS_SUDO = true
2020-10-25T12:00:02	ENV		FILE_ENV = /Users/binarymisfit/.environment.zsh
2020-10-25T12:00:02	ENV		Checking if /Users/binarymisfit/.environment.zsh exists
2020-10-25T12:00:02	ENV		Sourcing /Users/binarymisfit/.environment.zsh
2020-10-25T12:00:29	STARTUP		Update started
2020-10-25T12:00:29	STARTUP		DIR_DOT_FILES = /Users/binarymisfit/.dotfiles
2020-10-25T12:00:29	STARTUP		FILE_BUSY = /Users/binarymisfit/.update_in_progress
2020-10-25T12:00:29	STARTUP		FILE_LOG = /Users/binarymisfit/.dotfiles/log/update_env.log
2020-10-25T12:00:29	ENV		Checking if /Users/binarymisfit/.update_in_progress exists
2020-10-25T12:00:29	ENV		TMUX = 
2020-10-25T12:00:29	ENV		TERM_PROGRAM = iTerm.app
2020-10-25T12:00:29	ERROR		Already running
2020-10-25T12:00:30	STARTUP		Update started
2020-10-25T12:00:31	STARTUP		DIR_DOT_FILES = /Users/binarymisfit/.dotfiles
2020-10-25T12:00:31	STARTUP		FILE_BUSY = /Users/binarymisfit/.update_in_progress
2020-10-25T12:00:31	STARTUP		FILE_LOG = /Users/binarymisfit/.dotfiles/log/update_env.log
2020-10-25T12:00:31	ENV		Checking if /Users/binarymisfit/.update_in_progress exists
2020-10-25T12:00:31	ENV		TMUX = 
2020-10-25T12:00:31	ENV		TERM_PROGRAM = iTerm.app
2020-10-25T12:00:31	ENV		Creating /Users/binarymisfit/.update_in_progress
2020-10-25T12:00:31	ENV		Checking if current operating system is supported (darwin19)
2020-10-25T12:00:31	ENV		Operating system is osx
2020-10-25T12:00:31	ENV		Checking if user can run sudo
2020-10-25T12:00:31	ENV		APP_SUDO = /usr/bin/sudo
2020-10-25T12:00:31	ENV		USER_ID = 501
2020-10-25T12:00:31	ENV		USER_IS_ROOT = false
2020-10-25T12:00:31	ENV		USER_IS_SUDO = true
2020-10-25T12:00:31	ENV		FILE_ENV = /Users/binarymisfit/.environment.zsh
2020-10-25T12:00:31	ENV		Checking if /Users/binarymisfit/.environment.zsh exists
2020-10-25T12:00:31	ENV		Sourcing /Users/binarymisfit/.environment.zsh
2020-10-25T12:00:31	ENV		COLORTERM = truecolor
2020-10-25T12:00:31	ENV		DEFAULT_USER = binarymisfit
2020-10-25T12:00:31	ENV		USER_IS_ROOT = false
2020-10-25T12:00:31	ENV		USER_IS_SUDO = true
2020-10-25T12:00:31	ENV		FILE_ENV = /Users/binarymisfit/.environment.zsh
2020-10-25T12:00:31	ENV		Checking if /Users/binarymisfit/.environment.zsh exists
2020-10-25T12:00:31	ENV		Sourcing /Users/binarymisfit/.environment.zsh
2020-10-25T12:01:04	STARTUP		Update started
2020-10-25T12:01:04	STARTUP		DIR_DOT_FILES = /Users/binarymisfit/.dotfiles
2020-10-25T12:01:04	STARTUP		FILE_BUSY = /Users/binarymisfit/.update_in_progress
2020-10-25T12:01:04	STARTUP		FILE_LOG = /Users/binarymisfit/.dotfiles/log/update_env.log
2020-10-25T12:01:04	ENV		Checking if /Users/binarymisfit/.update_in_progress exists
2020-10-25T12:01:04	ENV		TMUX = 
2020-10-25T12:01:04	ENV		TERM_PROGRAM = iTerm.app
2020-10-25T12:01:04	ENV		Creating /Users/binarymisfit/.update_in_progress
2020-10-25T12:01:04	ENV		Checking if current operating system is supported (darwin19)
2020-10-25T12:01:04	ENV		Operating system is osx
2020-10-25T12:01:04	ENV		Checking if user can run sudo
2020-10-25T12:01:04	ENV		APP_SUDO = /usr/bin/sudo
2020-10-25T12:01:04	ENV		USER_ID = 501
2020-10-25T12:01:04	ENV		USER_IS_ROOT = false
2020-10-25T12:01:04	ENV		USER_IS_SUDO = true
2020-10-25T12:01:04	ENV		FILE_ENV = /Users/binarymisfit/.environment.zsh
2020-10-25T12:01:04	ENV		Checking if /Users/binarymisfit/.environment.zsh exists
2020-10-25T12:01:04	ENV		Sourcing /Users/binarymisfit/.environment.zsh
2020-10-25T12:01:04	ENV		COLORTERM = truecolor
2020-10-25T12:01:04	ENV		DEFAULT_USER = binarymisfit
2020-10-25T12:01:04	ENV		DISABLE_AUTO_UPDATE = true
2020-10-25T12:01:04	ENV		USER_IS_SUDO = true
2020-10-25T12:01:04	ENV		FILE_ENV = /Users/binarymisfit/.environment.zsh
2020-10-25T12:01:04	ENV		Checking if /Users/binarymisfit/.environment.zsh exists
2020-10-25T12:01:04	ENV		Sourcing /Users/binarymisfit/.environment.zsh
2020-10-25T12:01:40	STARTUP		Update started
2020-10-25T12:01:40	STARTUP		DIR_DOT_FILES = /Users/binarymisfit/.dotfiles
2020-10-25T12:01:40	STARTUP		FILE_BUSY = /Users/binarymisfit/.update_in_progress
2020-10-25T12:01:40	STARTUP		FILE_LOG = /Users/binarymisfit/.dotfiles/log/update_env.log
2020-10-25T12:01:40	ENV		Checking if /Users/binarymisfit/.update_in_progress exists
2020-10-25T12:01:40	ENV		TMUX = 
2020-10-25T12:01:40	ENV		TERM_PROGRAM = iTerm.app
2020-10-25T12:01:40	ENV		Creating /Users/binarymisfit/.update_in_progress
2020-10-25T12:01:40	ENV		Checking if current operating system is supported (darwin19)
2020-10-25T12:01:40	ENV		Operating system is osx
2020-10-25T12:01:40	ENV		Checking if user can run sudo
2020-10-25T12:01:40	ENV		APP_SUDO = /usr/bin/sudo
2020-10-25T12:01:40	ENV		USER_ID = 501
2020-10-25T12:01:40	ENV		USER_IS_ROOT = false
2020-10-25T12:01:40	ENV		USER_IS_SUDO = true
2020-10-25T12:01:40	ENV		FILE_ENV = /Users/binarymisfit/.environment.zsh
2020-10-25T12:01:40	ENV		Checking if /Users/binarymisfit/.environment.zsh exists
2020-10-25T12:01:40	ENV		Sourcing /Users/binarymisfit/.environment.zsh
2020-10-25T12:01:40	ENV		COLORTERM = truecolor
2020-10-25T12:01:40	ENV		DEFAULT_USER = binarymisfit
2020-10-25T12:01:40	ENV		DISABLE_AUTO_UPDATE = true
2020-10-25T12:01:40	ENV		ITERM2_SQUELCH_MARK = 1
2020-10-25T12:01:40	ENV		FILE_ENV = /Users/binarymisfit/.environment.zsh
2020-10-25T12:01:40	ENV		Checking if /Users/binarymisfit/.environment.zsh exists
2020-10-25T12:01:40	ENV		Sourcing /Users/binarymisfit/.environment.zsh
2020-10-25T12:02:44	STARTUP		Update started
2020-10-25T12:02:44	STARTUP		DIR_DOT_FILES = /Users/binarymisfit/.dotfiles
2020-10-25T12:02:44	STARTUP		FILE_BUSY = /Users/binarymisfit/.update_in_progress
2020-10-25T12:02:44	STARTUP		FILE_LOG = /Users/binarymisfit/.dotfiles/log/update_env.log
2020-10-25T12:02:44	ENV		Checking if /Users/binarymisfit/.update_in_progress exists
2020-10-25T12:02:44	ENV		TMUX = 
2020-10-25T12:02:44	ENV		TERM_PROGRAM = iTerm.app
2020-10-25T12:02:44	ENV		Creating /Users/binarymisfit/.update_in_progress
2020-10-25T12:02:44	ENV		Checking if current operating system is supported (darwin19)
2020-10-25T12:02:44	ENV		Operating system is osx
2020-10-25T12:02:44	ENV		Checking if user can run sudo
2020-10-25T12:02:44	ENV		APP_SUDO = /usr/bin/sudo
2020-10-25T12:02:44	ENV		USER_ID = 501
2020-10-25T12:02:44	ENV		USER_IS_ROOT = false
2020-10-25T12:02:44	ENV		USER_IS_SUDO = true
2020-10-25T12:02:44	ENV		FILE_ENV = /Users/binarymisfit/.environment.zsh
2020-10-25T12:02:44	ENV		Checking if /Users/binarymisfit/.environment.zsh exists
2020-10-25T12:02:44	ENV		Sourcing /Users/binarymisfit/.environment.zsh
2020-10-25T12:02:44	ENV		COLORTERM = truecolor
2020-10-25T12:02:44	ENV		DEFAULT_USER = binarymisfit
2020-10-25T12:02:44	ENV		DISABLE_AUTO_UPDATE = true
2020-10-25T12:02:44	ENV		ITERM2_SQUELCH_MARK = 1
2020-10-25T12:02:44	ENV		KEYTIMEOUT = 1
2020-10-25T12:02:44	ENV		Sourcing /Users/binarymisfit/.environment.zsh
2020-10-25T12:02:44	ENV		COLORTERM = truecolor
2020-10-25T12:02:44	ENV		DEFAULT_USER = binarymisfit
2020-10-25T12:02:44	ENV		DISABLE_AUTO_UPDATE = true
2020-10-25T12:02:44	ENV		ITERM2_SQUELCH_MARK = 1
2020-10-25T12:02:44	ENV		KEYTIMEOUT = 1
2020-10-25T12:04:30	STARTUP		Update started
2020-10-25T12:04:30	STARTUP		DIR_DOT_FILES = /Users/binarymisfit/.dotfiles
2020-10-25T12:04:30	STARTUP		FILE_BUSY = /Users/binarymisfit/.update_in_progress
2020-10-25T12:04:30	STARTUP		FILE_LOG = /Users/binarymisfit/.dotfiles/log/update_env.log
2020-10-25T12:04:30	ENV		Checking if /Users/binarymisfit/.update_in_progress exists
2020-10-25T12:04:30	ENV		TMUX = 
2020-10-25T12:04:30	ENV		TERM_PROGRAM = iTerm.app
2020-10-25T12:04:30	ENV		Creating /Users/binarymisfit/.update_in_progress
2020-10-25T12:04:30	ENV		Checking if current operating system is supported (darwin19)
2020-10-25T12:04:30	ENV		Operating system is osx
2020-10-25T12:04:30	ENV		Checking if user can run sudo
2020-10-25T12:04:30	ENV		APP_SUDO = /usr/bin/sudo
2020-10-25T12:04:30	ENV		USER_ID = 501
2020-10-25T12:04:30	ENV		USER_IS_ROOT = false
2020-10-25T12:04:30	ENV		USER_IS_SUDO = true
2020-10-25T12:04:30	ENV		FILE_ENV = /Users/binarymisfit/.environment.zsh
2020-10-25T12:04:30	ENV		Checking if /Users/binarymisfit/.environment.zsh exists
2020-10-25T12:04:30	ENV		Sourcing /Users/binarymisfit/.environment.zsh
2020-10-25T12:04:30	ENV		COLORTERM = truecolor
2020-10-25T12:04:30	ENV		DEFAULT_USER = binarymisfit
2020-10-25T12:04:30	ENV		DISABLE_AUTO_UPDATE = true
2020-10-25T12:04:30	ENV		ITERM2_SQUELCH_MARK = 1
2020-10-25T12:04:30	ENV		KEYTIMEOUT = 1
2020-10-25T12:04:30	ENV		Sourcing /Users/binarymisfit/.environment.zsh
2020-10-25T12:04:30	ENV		COLORTERM = truecolor
2020-10-25T12:04:30	ENV		DEFAULT_USER = binarymisfit
2020-10-25T12:04:30	ENV		DISABLE_AUTO_UPDATE = true
2020-10-25T12:04:30	ENV		ITERM2_SQUELCH_MARK = 1
2020-10-25T12:04:30	ENV		KEYTIMEOUT = 1
2020-10-25T12:06:26	STARTUP		Update started
2020-10-25T12:06:26	STARTUP		DIR_DOT_FILES = /Users/binarymisfit/.dotfiles
2020-10-25T12:06:26	STARTUP		FILE_BUSY = /Users/binarymisfit/.update_in_progress
2020-10-25T12:06:26	STARTUP		FILE_LOG = /Users/binarymisfit/.dotfiles/log/update_env.log
2020-10-25T12:06:26	ENV		Checking if /Users/binarymisfit/.update_in_progress exists
2020-10-25T12:06:26	ENV		TMUX = 
2020-10-25T12:06:26	ENV		TERM_PROGRAM = iTerm.app
2020-10-25T12:06:26	ENV		Creating /Users/binarymisfit/.update_in_progress
2020-10-25T12:06:26	ENV		Checking if current operating system is supported (darwin19)
2020-10-25T12:06:26	ENV		Operating system is osx
2020-10-25T12:06:26	ENV		Checking if user can run sudo
2020-10-25T12:06:26	ENV		APP_SUDO = /usr/bin/sudo
2020-10-25T12:06:26	ENV		USER_ID = 501
2020-10-25T12:06:26	ENV		USER_IS_ROOT = false
2020-10-25T12:06:26	ENV		USER_IS_SUDO = true
2020-10-25T12:06:26	ENV		FILE_ENV = /Users/binarymisfit/.environment.zsh
2020-10-25T12:06:26	ENV		Checking if /Users/binarymisfit/.environment.zsh exists
2020-10-25T12:06:26	ENV		Sourcing /Users/binarymisfit/.environment.zsh
2020-10-25T12:06:26	ENV		COLORTERM = truecolor
2020-10-25T12:06:26	ENV		DEFAULT_USER = binarymisfit
2020-10-25T12:06:26	ENV		DISABLE_AUTO_UPDATE = true
2020-10-25T12:06:26	ENV		ITERM2_SQUELCH_MARK = 1
2020-10-25T12:06:26	ENV		KEYTIMEOUT = 1
2020-10-25T12:06:26	ENV		Sourcing /Users/binarymisfit/.environment.zsh
2020-10-25T12:06:26	ENV		COLORTERM = truecolor
2020-10-25T12:06:26	ENV		DEFAULT_USER = binarymisfit
2020-10-25T12:06:26	ENV		DISABLE_AUTO_UPDATE = true
2020-10-25T12:06:26	ENV		ITERM2_SQUELCH_MARK = 1
2020-10-25T12:06:26	ENV		KEYTIMEOUT = 1
2020-10-25T12:06:26	DOTFILES		Checking if git is installed
2020-10-25T12:06:26	DOTFILES		APP_GIT = /usr/local/bin/git
2020-10-25T12:07:01	STARTUP		Update started
2020-10-25T12:07:01	STARTUP		DIR_DOT_FILES = /Users/binarymisfit/.dotfiles
2020-10-25T12:07:01	STARTUP		FILE_BUSY = /Users/binarymisfit/.update_in_progress
2020-10-25T12:07:01	STARTUP		FILE_LOG = /Users/binarymisfit/.dotfiles/log/update_env.log
2020-10-25T12:07:01	ENV		Checking if /Users/binarymisfit/.update_in_progress exists
2020-10-25T12:07:01	ENV		TMUX = 
2020-10-25T12:07:01	ENV		TERM_PROGRAM = iTerm.app
2020-10-25T12:07:01	ENV		Creating /Users/binarymisfit/.update_in_progress
2020-10-25T12:07:01	ENV		Checking if current operating system is supported (darwin19)
2020-10-25T12:07:01	ENV		Operating system is osx
2020-10-25T12:07:01	ENV		Checking if user can run sudo
2020-10-25T12:07:01	ENV		APP_SUDO = /usr/bin/sudo
2020-10-25T12:07:01	ENV		USER_ID = 501
2020-10-25T12:07:01	ENV		USER_IS_ROOT = false
2020-10-25T12:07:01	ENV		USER_IS_SUDO = true
2020-10-25T12:07:01	ENV		FILE_ENV = /Users/binarymisfit/.environment.zsh
2020-10-25T12:07:01	ENV		Checking if /Users/binarymisfit/.environment.zsh exists
2020-10-25T12:07:01	ENV		Sourcing /Users/binarymisfit/.environment.zsh
2020-10-25T12:07:01	ENV		COLORTERM = truecolor
2020-10-25T12:07:01	ENV		DEFAULT_USER = binarymisfit
2020-10-25T12:07:01	ENV		DISABLE_AUTO_UPDATE = true
2020-10-25T12:07:01	ENV		ITERM2_SQUELCH_MARK = 1
2020-10-25T12:07:01	ENV		KEYTIMEOUT = 1
2020-10-25T12:07:01	ENV		Sourcing /Users/binarymisfit/.environment.zsh
2020-10-25T12:07:01	ENV		COLORTERM = truecolor
2020-10-25T12:07:01	ENV		DEFAULT_USER = binarymisfit
2020-10-25T12:07:01	ENV		DISABLE_AUTO_UPDATE = true
2020-10-25T12:07:01	ENV		ITERM2_SQUELCH_MARK = 1
2020-10-25T12:07:01	ENV		KEYTIMEOUT = 1
2020-10-25T12:07:01	DOT		Checking if git is installed
2020-10-25T12:07:01	DOT		APP_GIT = /usr/local/bin/git
2020-10-25T12:07:32	STARTUP		Update started
2020-10-25T12:07:32	STARTUP		DIR_DOT_FILES = /Users/binarymisfit/.dotfiles
2020-10-25T12:07:32	STARTUP		FILE_BUSY = /Users/binarymisfit/.update_in_progress
2020-10-25T12:07:32	STARTUP		FILE_LOG = /Users/binarymisfit/.dotfiles/log/update_env.log
2020-10-25T12:07:32	ENV		Checking if /Users/binarymisfit/.update_in_progress exists
2020-10-25T12:07:32	ENV		TMUX = 
2020-10-25T12:07:32	ENV		TERM_PROGRAM = iTerm.app
2020-10-25T12:07:32	ERROR		Already running
2020-10-25T12:07:35	STARTUP		Update started
2020-10-25T12:07:35	STARTUP		DIR_DOT_FILES = /Users/binarymisfit/.dotfiles
2020-10-25T12:07:35	STARTUP		FILE_BUSY = /Users/binarymisfit/.update_in_progress
2020-10-25T12:07:35	STARTUP		FILE_LOG = /Users/binarymisfit/.dotfiles/log/update_env.log
2020-10-25T12:07:35	ENV		Checking if /Users/binarymisfit/.update_in_progress exists
2020-10-25T12:07:35	ENV		TMUX = 
2020-10-25T12:07:35	ENV		TERM_PROGRAM = iTerm.app
2020-10-25T12:07:35	ENV		Creating /Users/binarymisfit/.update_in_progress
2020-10-25T12:07:35	ENV		Checking if current operating system is supported (darwin19)
2020-10-25T12:07:35	ENV		Operating system is osx
2020-10-25T12:07:35	ENV		Checking if user can run sudo
2020-10-25T12:07:35	ENV		APP_SUDO = /usr/bin/sudo
2020-10-25T12:07:35	ENV		USER_ID = 501
2020-10-25T12:07:35	ENV		USER_IS_ROOT = false
2020-10-25T12:07:35	ENV		USER_IS_SUDO = true
2020-10-25T12:07:35	ENV		FILE_ENV = /Users/binarymisfit/.environment.zsh
2020-10-25T12:07:35	ENV		Checking if /Users/binarymisfit/.environment.zsh exists
2020-10-25T12:07:35	ENV		Sourcing /Users/binarymisfit/.environment.zsh
2020-10-25T12:07:35	ENV		COLORTERM = truecolor
2020-10-25T12:07:35	ENV		DEFAULT_USER = binarymisfit
2020-10-25T12:07:35	ENV		DISABLE_AUTO_UPDATE = true
2020-10-25T12:07:35	ENV		ITERM2_SQUELCH_MARK = 1
2020-10-25T12:07:35	ENV		KEYTIMEOUT = 1
2020-10-25T12:07:35	ENV		Sourcing /Users/binarymisfit/.environment.zsh
2020-10-25T12:07:35	ENV		COLORTERM = truecolor
2020-10-25T12:07:35	ENV		DEFAULT_USER = binarymisfit
2020-10-25T12:07:35	ENV		DISABLE_AUTO_UPDATE = true
2020-10-25T12:07:35	ENV		ITERM2_SQUELCH_MARK = 1
2020-10-25T12:07:35	ENV		KEYTIMEOUT = 1
2020-10-25T12:07:35	DOTFILE		Checking if git is installed
2020-10-25T12:07:35	DOTFILE		APP_GIT = /usr/local/bin/git
2020-10-25T12:11:43	STARTUP		Update started
2020-10-25T12:11:43	STARTUP		DIR_DOT_FILES = /Users/binarymisfit/.dotfiles
2020-10-25T12:11:43	STARTUP		FILE_BUSY = /Users/binarymisfit/.update_in_progress
2020-10-25T12:11:43	STARTUP		FILE_LOG = /Users/binarymisfit/.dotfiles/log/update_env.log
2020-10-25T12:11:43	ENV		Checking if /Users/binarymisfit/.update_in_progress exists
2020-10-25T12:11:43	ENV		TMUX = 
2020-10-25T12:11:43	ENV		TERM_PROGRAM = iTerm.app
2020-10-25T12:11:43	ENV		Creating /Users/binarymisfit/.update_in_progress
2020-10-25T12:11:43	ENV		Checking if current operating system is supported (darwin19)
2020-10-25T12:11:43	ENV		Operating system is osx
2020-10-25T12:11:43	ENV		Checking if user can run sudo
2020-10-25T12:11:43	ENV		APP_SUDO = /usr/bin/sudo
2020-10-25T12:11:43	ENV		USER_ID = 501
2020-10-25T12:11:43	ENV		USER_IS_ROOT = false
2020-10-25T12:11:43	ENV		USER_IS_SUDO = true
2020-10-25T12:11:43	ENV		FILE_ENV = /Users/binarymisfit/.environment.zsh
2020-10-25T12:11:43	ENV		Checking if /Users/binarymisfit/.environment.zsh exists
2020-10-25T12:11:43	ENV		Sourcing /Users/binarymisfit/.environment.zsh
2020-10-25T12:11:43	ENV		COLORTERM = truecolor
2020-10-25T12:11:43	ENV		DEFAULT_USER = binarymisfit
2020-10-25T12:11:43	ENV		DISABLE_AUTO_UPDATE = true
2020-10-25T12:11:43	ENV		ITERM2_SQUELCH_MARK = 1
2020-10-25T12:11:43	ENV		KEYTIMEOUT = 1
2020-10-25T12:11:43	ENV		Sourcing /Users/binarymisfit/.environment.zsh
2020-10-25T12:11:43	ENV		COLORTERM = truecolor
2020-10-25T12:11:43	ENV		DEFAULT_USER = binarymisfit
2020-10-25T12:11:43	ENV		DISABLE_AUTO_UPDATE = true
2020-10-25T12:11:43	ENV		ITERM2_SQUELCH_MARK = 1
2020-10-25T12:11:43	ENV		KEYTIMEOUT = 1
2020-10-25T12:11:43	DOTFILE		Checking if git is installed
2020-10-25T12:11:43	DOTFILE		APP_GIT = /usr/local/bin/git
2020-10-25T12:11:43	DOTFILE		Checking if git is installed
2020-10-25T12:11:43	DOTFILE		APP_GIT = /usr/local/bin/git
2020-10-25T12:11:43	DOTFILE		DOT_FILES_CONFIGURE = false
2020-10-25T12:11:43	DOTFILE		DOT_FILES_INSTALL = false
2020-10-25T12:11:43	DOTFILE		DOT_FILES_UPDATE = true
2020-10-25T12:13:46	STARTUP		Update started
2020-10-25T12:13:46	STARTUP		DIR_DOT_FILES = /Users/binarymisfit/.dotfiles
2020-10-25T12:13:46	STARTUP		FILE_BUSY = /Users/binarymisfit/.update_in_progress
2020-10-25T12:13:46	STARTUP		FILE_LOG = /Users/binarymisfit/.dotfiles/log/update_env.log
2020-10-25T12:13:46	ENV		Checking if /Users/binarymisfit/.update_in_progress exists
2020-10-25T12:13:46	ENV		TMUX = 
2020-10-25T12:13:46	ENV		TERM_PROGRAM = iTerm.app
2020-10-25T12:13:46	ENV		Creating /Users/binarymisfit/.update_in_progress
2020-10-25T12:13:46	ENV		Checking if current operating system is supported (darwin19)
2020-10-25T12:13:46	ENV		Operating system is osx
2020-10-25T12:13:46	ENV		Checking if user can run sudo
2020-10-25T12:13:46	ENV		APP_SUDO = /usr/bin/sudo
2020-10-25T12:13:46	ENV		USER_ID = 501
2020-10-25T12:13:46	ENV		USER_IS_ROOT = false
2020-10-25T12:13:46	ENV		USER_IS_SUDO = true
2020-10-25T12:13:46	ENV		FILE_ENV = /Users/binarymisfit/.environment.zsh
2020-10-25T12:13:46	ENV		Checking if /Users/binarymisfit/.environment.zsh exists
2020-10-25T12:13:46	ENV		Sourcing /Users/binarymisfit/.environment.zsh
2020-10-25T12:13:46	ENV		COLORTERM = truecolor
2020-10-25T12:13:46	ENV		DEFAULT_USER = binarymisfit
2020-10-25T12:13:46	ENV		DISABLE_AUTO_UPDATE = true
2020-10-25T12:13:46	ENV		ITERM2_SQUELCH_MARK = 1
2020-10-25T12:13:46	ENV		KEYTIMEOUT = 1
2020-10-25T12:13:46	ENV		Sourcing /Users/binarymisfit/.environment.zsh
2020-10-25T12:13:46	ENV		COLORTERM = truecolor
2020-10-25T12:13:46	ENV		DEFAULT_USER = binarymisfit
2020-10-25T12:13:46	ENV		DISABLE_AUTO_UPDATE = true
2020-10-25T12:13:46	ENV		ITERM2_SQUELCH_MARK = 1
2020-10-25T12:13:46	ENV		KEYTIMEOUT = 1
2020-10-25T12:13:46	DOTFILE		DIR_DOT_FILES = /Users/binarymisfit/.dotfiles
2020-10-25T12:13:46	DOTFILE		Check if /Users/binarymisfit/.dotfiles exists
2020-10-25T12:13:46	DOTFILE		Checking if git is installed
2020-10-25T12:13:46	DOTFILE		APP_GIT = /usr/local/bin/git
2020-10-25T12:13:46	DOTFILE		Checking if git is installed
2020-10-25T12:13:46	DOTFILE		APP_GIT = /usr/local/bin/git
2020-10-25T12:13:46	DOTFILE		DOT_FILES_CONFIGURE = false
2020-10-25T12:13:46	DOTFILE		DOT_FILES_INSTALL = false
2020-10-25T12:13:46	DOTFILE		DOT_FILES_UPDATE = true
2020-10-25T12:14:53	STARTUP		Update started
2020-10-25T12:14:53	STARTUP		DIR_DOT_FILES = /Users/binarymisfit/.dotfiles
2020-10-25T12:14:53	STARTUP		FILE_BUSY = /Users/binarymisfit/.update_in_progress
2020-10-25T12:14:53	STARTUP		FILE_LOG = /Users/binarymisfit/.dotfiles/log/update_env.log
2020-10-25T12:14:53	ENV		Checking if /Users/binarymisfit/.update_in_progress exists
2020-10-25T12:14:53	ENV		TMUX = 
2020-10-25T12:14:53	ENV		TERM_PROGRAM = iTerm.app
2020-10-25T12:14:53	ERROR		Already running
2020-10-25T12:14:56	STARTUP		Update started
2020-10-25T12:14:56	STARTUP		DIR_DOT_FILES = /Users/binarymisfit/.dotfiles
2020-10-25T12:14:56	STARTUP		FILE_BUSY = /Users/binarymisfit/.update_in_progress
2020-10-25T12:14:56	STARTUP		FILE_LOG = /Users/binarymisfit/.dotfiles/log/update_env.log
2020-10-25T12:14:56	ENV		Checking if /Users/binarymisfit/.update_in_progress exists
2020-10-25T12:14:56	ENV		TMUX = 
2020-10-25T12:14:56	ENV		TERM_PROGRAM = iTerm.app
2020-10-25T12:14:56	ENV		Creating /Users/binarymisfit/.update_in_progress
2020-10-25T12:14:56	ENV		Checking if current operating system is supported (darwin19)
2020-10-25T12:14:56	ENV		Operating system is osx
2020-10-25T12:14:56	ENV		Checking if user can run sudo
2020-10-25T12:14:56	ENV		APP_SUDO = /usr/bin/sudo
2020-10-25T12:14:56	ENV		USER_ID = 501
2020-10-25T12:14:56	ENV		USER_IS_ROOT = false
2020-10-25T12:14:56	ENV		USER_IS_SUDO = true
2020-10-25T12:14:56	ENV		FILE_ENV = /Users/binarymisfit/.environment.zsh
2020-10-25T12:14:56	ENV		Checking if /Users/binarymisfit/.environment.zsh exists
2020-10-25T12:14:56	ENV		Sourcing /Users/binarymisfit/.environment.zsh
2020-10-25T12:14:56	ENV		COLORTERM = truecolor
2020-10-25T12:14:56	ENV		DEFAULT_USER = binarymisfit
2020-10-25T12:14:56	ENV		DISABLE_AUTO_UPDATE = true
2020-10-25T12:14:56	ENV		ITERM2_SQUELCH_MARK = 1
2020-10-25T12:14:56	ENV		KEYTIMEOUT = 1
2020-10-25T12:14:56	ENV		Sourcing /Users/binarymisfit/.environment.zsh
2020-10-25T12:14:56	ENV		COLORTERM = truecolor
2020-10-25T12:14:56	ENV		DEFAULT_USER = binarymisfit
2020-10-25T12:14:56	ENV		DISABLE_AUTO_UPDATE = true
2020-10-25T12:14:56	ENV		ITERM2_SQUELCH_MARK = 1
2020-10-25T12:14:56	ENV		KEYTIMEOUT = 1
2020-10-25T12:14:56	DOTFILE		DIR_DOT_FILES = /Users/binarymisfit/.dotfiles
2020-10-25T12:14:56	DOTFILE		Check if /Users/binarymisfit/.dotfiles exists
2020-10-25T12:14:56	DOTFILE		Update /Users/binarymisfit/.dotfiles
2020-10-25T12:14:56	DOTFILE		Checking if git is installed
2020-10-25T12:14:56	DOTFILE		APP_GIT = /usr/local/bin/git
2020-10-25T12:14:56	DOTFILE		Checking if git is installed
2020-10-25T12:14:56	DOTFILE		APP_GIT = /usr/local/bin/git
2020-10-25T12:14:56	DOTFILE		DOT_FILES_CONFIGURE = false
2020-10-25T12:14:56	DOTFILE		DOT_FILES_INSTALL = false
2020-10-25T12:14:56	DOTFILE		DOT_FILES_UPDATE = true
2020-10-25T12:17:22	STARTUP		Update started
2020-10-25T12:17:22	STARTUP		DIR_DOT_FILES = /Users/binarymisfit/.dotfiles
2020-10-25T12:17:22	STARTUP		FILE_BUSY = /Users/binarymisfit/.update_in_progress
2020-10-25T12:17:22	STARTUP		FILE_LOG = /Users/binarymisfit/.dotfiles/log/update_env.log
2020-10-25T12:17:22	ENV		Checking if /Users/binarymisfit/.update_in_progress exists
2020-10-25T12:17:22	ENV		TMUX = 
2020-10-25T12:17:22	ENV		TERM_PROGRAM = iTerm.app
2020-10-25T12:17:22	ENV		Creating /Users/binarymisfit/.update_in_progress
2020-10-25T12:17:22	ENV		Checking if current operating system is supported (darwin19)
2020-10-25T12:17:22	ENV		Operating system is osx
2020-10-25T12:17:22	ENV		Checking if user can run sudo
2020-10-25T12:17:22	ENV		APP_SUDO = /usr/bin/sudo
2020-10-25T12:17:22	ENV		USER_ID = 501
2020-10-25T12:17:22	ENV		USER_IS_ROOT = false
2020-10-25T12:17:22	ENV		USER_IS_SUDO = true
2020-10-25T12:17:22	ENV		FILE_ENV = /Users/binarymisfit/.environment.zsh
2020-10-25T12:17:22	ENV		Checking if /Users/binarymisfit/.environment.zsh exists
2020-10-25T12:17:22	ENV		Sourcing /Users/binarymisfit/.environment.zsh
2020-10-25T12:17:22	ENV		COLORTERM = truecolor
2020-10-25T12:17:22	ENV		DEFAULT_USER = binarymisfit
2020-10-25T12:17:22	ENV		DISABLE_AUTO_UPDATE = true
2020-10-25T12:17:22	ENV		ITERM2_SQUELCH_MARK = 1
2020-10-25T12:17:22	ENV		KEYTIMEOUT = 1
2020-10-25T12:17:22	ENV		Sourcing /Users/binarymisfit/.environment.zsh
2020-10-25T12:17:22	ENV		COLORTERM = truecolor
2020-10-25T12:17:22	ENV		DEFAULT_USER = binarymisfit
2020-10-25T12:17:22	ENV		DISABLE_AUTO_UPDATE = true
2020-10-25T12:17:22	ENV		ITERM2_SQUELCH_MARK = 1
2020-10-25T12:17:22	ENV		KEYTIMEOUT = 1
2020-10-25T12:17:22	DOTFILE		DIR_DOT_FILES = /Users/binarymisfit/.dotfiles
2020-10-25T12:17:22	DOTFILE		Check if /Users/binarymisfit/.dotfiles exists
2020-10-25T12:17:22	DOTFILE		Update /Users/binarymisfit/.dotfiles
2020-10-25T12:17:22	DOTFILE		Checking if git is installed
2020-10-25T12:17:22	DOTFILE		APP_GIT = /usr/local/bin/git
2020-10-25T12:17:22	DOTFILE		Checking if git is installed
2020-10-25T12:17:22	DOTFILE		APP_GIT = /usr/local/bin/git
2020-10-25T12:17:22	DOTFILE		DOT_FILES_CONFIGURE = false
2020-10-25T12:17:22	DOTFILE		DOT_FILES_INSTALL = false
2020-10-25T12:17:22	DOTFILE		DOT_FILES_UPDATE = true
2020-10-25T12:18:55	STARTUP		Update started
2020-10-25T12:18:55	STARTUP		DIR_DOT_FILES = /Users/binarymisfit/.dotfiles
2020-10-25T12:18:55	STARTUP		FILE_BUSY = /Users/binarymisfit/.update_in_progress
2020-10-25T12:18:55	STARTUP		FILE_LOG = /Users/binarymisfit/.dotfiles/log/update_env.log
2020-10-25T12:18:55	ENV		Checking if /Users/binarymisfit/.update_in_progress exists
2020-10-25T12:18:55	ENV		TMUX = 
2020-10-25T12:18:55	ENV		TERM_PROGRAM = iTerm.app
2020-10-25T12:18:55	ENV		Creating /Users/binarymisfit/.update_in_progress
2020-10-25T12:18:55	ENV		Checking if current operating system is supported (darwin19)
2020-10-25T12:18:55	ENV		Operating system is osx
2020-10-25T12:18:55	ENV		Checking if user can run sudo
2020-10-25T12:18:55	ENV		APP_SUDO = /usr/bin/sudo
2020-10-25T12:18:55	ENV		USER_ID = 501
2020-10-25T12:18:55	ENV		USER_IS_ROOT = false
2020-10-25T12:18:55	ENV		USER_IS_SUDO = true
2020-10-25T12:18:55	ENV		FILE_ENV = /Users/binarymisfit/.environment.zsh
2020-10-25T12:18:55	ENV		Checking if /Users/binarymisfit/.environment.zsh exists
2020-10-25T12:18:55	ENV		Sourcing /Users/binarymisfit/.environment.zsh
2020-10-25T12:18:55	ENV		COLORTERM = truecolor
2020-10-25T12:18:55	ENV		DEFAULT_USER = binarymisfit
2020-10-25T12:18:55	ENV		DISABLE_AUTO_UPDATE = true
2020-10-25T12:18:55	ENV		ITERM2_SQUELCH_MARK = 1
2020-10-25T12:18:55	ENV		KEYTIMEOUT = 1
2020-10-25T12:18:55	ENV		Sourcing /Users/binarymisfit/.environment.zsh
2020-10-25T12:18:55	ENV		COLORTERM = truecolor
2020-10-25T12:18:55	ENV		DEFAULT_USER = binarymisfit
2020-10-25T12:18:55	ENV		DISABLE_AUTO_UPDATE = true
2020-10-25T12:18:55	ENV		ITERM2_SQUELCH_MARK = 1
2020-10-25T12:18:55	ENV		KEYTIMEOUT = 1
2020-10-25T12:18:55	DOTFILE		DIR_DOT_FILES = /Users/binarymisfit/.dotfiles
2020-10-25T12:18:55	DOTFILE		Check if /Users/binarymisfit/.dotfiles exists
2020-10-25T12:18:55	DOTFILE		Update /Users/binarymisfit/.dotfiles
2020-10-25T12:18:55	DOTFILE		Checking if git is installed
2020-10-25T12:18:55	DOTFILE		APP_GIT = /usr/local/bin/git
2020-10-25T12:18:55	DOTFILE		Checking if git is installed
2020-10-25T12:18:55	DOTFILE		APP_GIT = /usr/local/bin/git
2020-10-25T12:18:55	DOTFILE		DOT_FILES_CONFIGURE = false
2020-10-25T12:18:55	DOTFILE		DOT_FILES_INSTALL = false
2020-10-25T12:18:55	DOTFILE		DOT_FILES_UPDATE = true
2020-10-25T12:22:48	STARTUP		Update started
2020-10-25T12:22:48	STARTUP		DIR_DOT_FILES = /Users/binarymisfit/.dotfiles
2020-10-25T12:22:48	STARTUP		FILE_BUSY = /Users/binarymisfit/.update_in_progress
2020-10-25T12:22:48	STARTUP		FILE_LOG = /Users/binarymisfit/.dotfiles/log/update_env.log
2020-10-25T12:22:48	ENV		Checking if /Users/binarymisfit/.update_in_progress exists
2020-10-25T12:22:48	ENV		TMUX = 
2020-10-25T12:22:48	ENV		TERM_PROGRAM = iTerm.app
2020-10-25T12:22:48	ENV		Creating /Users/binarymisfit/.update_in_progress
2020-10-25T12:22:48	ENV		Checking if current operating system is supported (darwin19)
2020-10-25T12:22:48	ENV		Operating system is osx
2020-10-25T12:22:48	ENV		Checking if user can run sudo
2020-10-25T12:22:48	ENV		APP_SUDO = /usr/bin/sudo
2020-10-25T12:22:48	ENV		USER_ID = 501
2020-10-25T12:22:48	ENV		USER_IS_ROOT = false
2020-10-25T12:22:48	ENV		USER_IS_SUDO = true
2020-10-25T12:22:48	ENV		FILE_ENV = /Users/binarymisfit/.environment.zsh
2020-10-25T12:22:48	ENV		Checking if /Users/binarymisfit/.environment.zsh exists
2020-10-25T12:22:48	ENV		Sourcing /Users/binarymisfit/.environment.zsh
2020-10-25T12:22:48	ENV		COLORTERM = truecolor
2020-10-25T12:22:48	ENV		DEFAULT_USER = binarymisfit
2020-10-25T12:22:48	ENV		DISABLE_AUTO_UPDATE = true
2020-10-25T12:22:48	ENV		ITERM2_SQUELCH_MARK = 1
2020-10-25T12:22:48	ENV		KEYTIMEOUT = 1
2020-10-25T12:22:48	ENV		Sourcing /Users/binarymisfit/.environment.zsh
2020-10-25T12:22:48	ENV		COLORTERM = truecolor
2020-10-25T12:22:48	ENV		DEFAULT_USER = binarymisfit
2020-10-25T12:22:48	ENV		DISABLE_AUTO_UPDATE = true
2020-10-25T12:22:48	ENV		ITERM2_SQUELCH_MARK = 1
2020-10-25T12:22:48	ENV		KEYTIMEOUT = 1
2020-10-25T12:22:48	DOTFILE		DIR_DOT_FILES = /Users/binarymisfit/.dotfiles
2020-10-25T12:22:48	DOTFILE		Check if /Users/binarymisfit/.dotfiles exists
2020-10-25T12:22:48	DOTFILE		Update /Users/binarymisfit/.dotfiles
2020-10-25T12:22:48	DOTFILE		Checking if git is installed
2020-10-25T12:22:48	DOTFILE		APP_GIT = /usr/local/bin/git
2020-10-25T12:22:48	DOTFILE		Checking if git is installed
2020-10-25T12:22:48	DOTFILE		APP_GIT = /usr/local/bin/git
2020-10-25T12:22:48	DOTFILE		DOT_FILES_CONFIGURE = false
2020-10-25T12:22:48	DOTFILE		DOT_FILES_INSTALL = false
2020-10-25T12:22:48	DOTFILE		DOT_FILES_UPDATE = true
2020-10-25T12:24:16	STARTUP		Update started
2020-10-25T12:24:16	STARTUP		DIR_DOT_FILES = /Users/binarymisfit/.dotfiles
2020-10-25T12:24:16	STARTUP		FILE_BUSY = /Users/binarymisfit/.update_in_progress
2020-10-25T12:24:16	STARTUP		FILE_LOG = /Users/binarymisfit/.dotfiles/log/update_env.log
2020-10-25T12:24:16	ENV		Checking if /Users/binarymisfit/.update_in_progress exists
2020-10-25T12:24:16	ENV		TMUX = 
2020-10-25T12:24:16	ENV		TERM_PROGRAM = iTerm.app
2020-10-25T12:24:16	ENV		Creating /Users/binarymisfit/.update_in_progress
2020-10-25T12:24:16	ENV		Checking if current operating system is supported (darwin19)
2020-10-25T12:24:16	ENV		Operating system is osx
2020-10-25T12:24:16	ENV		Checking if user can run sudo
2020-10-25T12:24:16	ENV		APP_SUDO = /usr/bin/sudo
2020-10-25T12:24:16	ENV		USER_ID = 501
2020-10-25T12:24:16	ENV		USER_IS_ROOT = false
2020-10-25T12:24:16	ENV		USER_IS_SUDO = true
2020-10-25T12:24:16	ENV		FILE_ENV = /Users/binarymisfit/.environment.zsh
2020-10-25T12:24:16	ENV		Checking if /Users/binarymisfit/.environment.zsh exists
2020-10-25T12:24:16	ENV		Sourcing /Users/binarymisfit/.environment.zsh
2020-10-25T12:24:16	ENV		COLORTERM = truecolor
2020-10-25T12:24:16	ENV		DEFAULT_USER = binarymisfit
2020-10-25T12:24:16	ENV		DISABLE_AUTO_UPDATE = true
2020-10-25T12:24:16	ENV		ITERM2_SQUELCH_MARK = 1
2020-10-25T12:24:16	ENV		KEYTIMEOUT = 1
2020-10-25T12:24:16	ENV		Sourcing /Users/binarymisfit/.environment.zsh
2020-10-25T12:24:16	ENV		COLORTERM = truecolor
2020-10-25T12:24:16	ENV		DEFAULT_USER = binarymisfit
2020-10-25T12:24:16	ENV		DISABLE_AUTO_UPDATE = true
2020-10-25T12:24:16	ENV		ITERM2_SQUELCH_MARK = 1
2020-10-25T12:24:16	ENV		KEYTIMEOUT = 1
2020-10-25T12:24:16	DOTFILE		DIR_DOT_FILES = /Users/binarymisfit/.dotfiles
2020-10-25T12:24:16	DOTFILE		Check if /Users/binarymisfit/.dotfiles exists
2020-10-25T12:24:16	DOTFILE		Update /Users/binarymisfit/.dotfiles
2020-10-25T12:24:16	DOTFILE		Checking if git is installed
2020-10-25T12:24:16	DOTFILE		APP_GIT = /usr/local/bin/git
2020-10-25T12:24:16	DOTFILE		Checking if git is installed
2020-10-25T12:24:16	DOTFILE		APP_GIT = /usr/local/bin/git
2020-10-25T12:24:16	DOTFILE		DOT_FILES_CONFIGURE = false
2020-10-25T12:24:16	DOTFILE		DOT_FILES_INSTALL = false
2020-10-25T12:24:16	DOTFILE		DOT_FILES_UPDATE = true
2020-10-25T12:24:16	DOTFILE		DOT_FILES_CONFIGURE = false
2020-10-25T12:24:16	DOTFILE		Updating /Users/binarymisfit/.dotfiles
2020-10-25T12:27:13	STARTUP		Update started
2020-10-25T12:27:13	STARTUP		DIR_DOT_FILES = /Users/binarymisfit/.dotfiles
2020-10-25T12:27:13	STARTUP		FILE_BUSY = /Users/binarymisfit/.update_in_progress
2020-10-25T12:27:13	STARTUP		FILE_LOG = /Users/binarymisfit/.dotfiles/log/update_env.log
2020-10-25T12:27:13	ENV		Checking if /Users/binarymisfit/.update_in_progress exists
2020-10-25T12:27:13	ENV		TMUX = 
2020-10-25T12:27:13	ENV		TERM_PROGRAM = iTerm.app
2020-10-25T12:27:13	ENV		Creating /Users/binarymisfit/.update_in_progress
2020-10-25T12:27:13	ENV		Checking if current operating system is supported (darwin19)
2020-10-25T12:27:13	ENV		Operating system is osx
2020-10-25T12:27:13	ENV		Checking if user can run sudo
2020-10-25T12:27:13	ENV		APP_SUDO = /usr/bin/sudo
2020-10-25T12:27:13	ENV		USER_ID = 501
2020-10-25T12:27:13	ENV		USER_IS_ROOT = false
2020-10-25T12:27:13	ENV		USER_IS_SUDO = true
2020-10-25T12:27:13	ENV		FILE_ENV = /Users/binarymisfit/.environment.zsh
2020-10-25T12:27:13	ENV		Checking if /Users/binarymisfit/.environment.zsh exists
2020-10-25T12:27:13	ENV		Sourcing /Users/binarymisfit/.environment.zsh
2020-10-25T12:27:13	ENV		COLORTERM = truecolor
2020-10-25T12:27:13	ENV		DEFAULT_USER = binarymisfit
2020-10-25T12:27:13	ENV		DISABLE_AUTO_UPDATE = true
2020-10-25T12:27:13	ENV		ITERM2_SQUELCH_MARK = 1
2020-10-25T12:27:13	ENV		KEYTIMEOUT = 1
2020-10-25T12:27:13	ENV		Sourcing /Users/binarymisfit/.environment.zsh
2020-10-25T12:27:13	ENV		COLORTERM = truecolor
2020-10-25T12:27:13	ENV		DEFAULT_USER = binarymisfit
2020-10-25T12:27:13	ENV		DISABLE_AUTO_UPDATE = true
2020-10-25T12:27:13	ENV		ITERM2_SQUELCH_MARK = 1
2020-10-25T12:27:13	ENV		KEYTIMEOUT = 1
2020-10-25T12:27:13	DOTFILE		DIR_DOT_FILES = /Users/binarymisfit/.dotfiles
2020-10-25T12:27:13	DOTFILE		Check if /Users/binarymisfit/.dotfiles exists
2020-10-25T12:27:13	DOTFILE		Update /Users/binarymisfit/.dotfiles
2020-10-25T12:27:13	DOTFILE		Checking if git is installed
2020-10-25T12:27:13	DOTFILE		APP_GIT = /usr/local/bin/git
2020-10-25T12:27:13	DOTFILE		Checking if git is installed
2020-10-25T12:27:13	DOTFILE		APP_GIT = /usr/local/bin/git
2020-10-25T12:27:13	DOTFILE		DOT_FILES_CONFIGURE = false
2020-10-25T12:27:13	DOTFILE		DOT_FILES_INSTALL = false
2020-10-25T12:27:13	DOTFILE		DOT_FILES_UPDATE = true
2020-10-25T12:27:13	DOTFILE		DOT_FILES_CONFIGURE = false
2020-10-25T12:27:13	DOTFILE		Checking if /Users/binarymisfit/.dotfiles needs updating
2020-10-25T12:27:15	DOTFILE		CURRENT_BRANCH = latest
2020-10-25T12:27:15	DOTFILE		CURRENT_HEAD = dedb93529d1c32c67d9b56dbc7274131d6530302
2020-10-25T12:27:15	DOTFILE		REMOTE_HEAD = dedb93529d1c32c67d9b56dbc7274131d6530302
2020-10-25T12:35:32	STARTUP		Update started
2020-10-25T12:35:32	STARTUP		DIR_DOT_FILES = /Users/binarymisfit/.dotfiles
2020-10-25T12:35:32	STARTUP		FILE_BUSY = /Users/binarymisfit/.update_in_progress
2020-10-25T12:35:32	STARTUP		FILE_LOG = /Users/binarymisfit/.dotfiles/log/update_env.log
2020-10-25T12:35:32	STARTUP		FILE_LOG_OUTPUT = /Users/binarymisfit/.dotfiles/log/update_env_output.log
2020-10-25T12:35:32	ENV		Checking if /Users/binarymisfit/.update_in_progress exists
2020-10-25T12:35:32	ENV		TMUX = 
2020-10-25T12:35:32	ENV		TERM_PROGRAM = iTerm.app
2020-10-25T12:35:32	ENV		Creating /Users/binarymisfit/.update_in_progress
2020-10-25T12:35:32	ENV		Checking if current operating system is supported (darwin19)
2020-10-25T12:35:32	ENV		Operating system is osx
2020-10-25T12:35:32	ENV		Checking if user can run sudo
2020-10-25T12:35:32	ENV		APP_SUDO = /usr/bin/sudo
2020-10-25T12:35:32	ENV		USER_ID = 501
2020-10-25T12:35:32	ENV		USER_IS_ROOT = false
2020-10-25T12:35:32	ENV		USER_IS_SUDO = true
2020-10-25T12:35:32	ENV		FILE_ENV = /Users/binarymisfit/.environment.zsh
2020-10-25T12:35:32	ENV		Checking if /Users/binarymisfit/.environment.zsh exists
2020-10-25T12:35:32	ENV		Sourcing /Users/binarymisfit/.environment.zsh
2020-10-25T12:35:32	ENV		COLORTERM = truecolor
2020-10-25T12:35:32	ENV		DEFAULT_USER = binarymisfit
2020-10-25T12:35:32	ENV		DISABLE_AUTO_UPDATE = true
2020-10-25T12:35:32	ENV		ITERM2_SQUELCH_MARK = 1
2020-10-25T12:35:32	ENV		KEYTIMEOUT = 1
2020-10-25T12:35:32	ENV		Sourcing /Users/binarymisfit/.environment.zsh
2020-10-25T12:35:32	ENV		COLORTERM = truecolor
2020-10-25T12:35:32	ENV		DEFAULT_USER = binarymisfit
2020-10-25T12:35:32	ENV		DISABLE_AUTO_UPDATE = true
2020-10-25T12:35:32	ENV		ITERM2_SQUELCH_MARK = 1
2020-10-25T12:35:32	ENV		KEYTIMEOUT = 1
2020-10-25T12:35:32	DOTFILE		DIR_DOT_FILES = /Users/binarymisfit/.dotfiles
2020-10-25T12:35:32	DOTFILE		Check if /Users/binarymisfit/.dotfiles exists
2020-10-25T12:35:32	DOTFILE		Update /Users/binarymisfit/.dotfiles
2020-10-25T12:35:32	DOTFILE		Checking if git is installed
2020-10-25T12:35:32	DOTFILE		APP_GIT = /usr/local/bin/git
2020-10-25T12:35:32	DOTFILE		Checking if git is installed
2020-10-25T12:35:32	DOTFILE		APP_GIT = /usr/local/bin/git
2020-10-25T12:35:32	DOTFILE		DOT_FILES_CONFIGURE = false
2020-10-25T12:35:32	DOTFILE		DOT_FILES_INSTALL = false
2020-10-25T12:35:32	DOTFILE		DOT_FILES_UPDATE = true
2020-10-25T12:35:32	DOTFILE		DOT_FILES_CONFIGURE = false
2020-10-25T12:35:32	DOTFILE		Checking if /Users/binarymisfit/.dotfiles needs updating
2020-10-25T12:35:34	DOTFILE		CURRENT_BRANCH = latest
2020-10-25T12:35:34	DOTFILE		CURRENT_HEAD = dedb93529d1c32c67d9b56dbc7274131d6530302
2020-10-25T12:35:34	DOTFILE		REMOTE_HEAD = dedb93529d1c32c67d9b56dbc7274131d6530302
2020-10-25T12:37:28	STARTUP		Update started
2020-10-25T12:37:28	STARTUP		DIR_DOT_FILES = /Users/binarymisfit/.dotfiles
2020-10-25T12:37:28	STARTUP		FILE_BUSY = /Users/binarymisfit/.update_in_progress
2020-10-25T12:37:28	STARTUP		FILE_LOG = /Users/binarymisfit/.dotfiles/log/update_env.log
2020-10-25T12:37:28	STARTUP		FILE_LOG_OUTPUT = /Users/binarymisfit/.dotfiles/log/update_env_output.log
2020-10-25T12:37:28	ENV		Checking if /Users/binarymisfit/.update_in_progress exists
2020-10-25T12:37:28	ENV		TMUX = 
2020-10-25T12:37:28	ENV		TERM_PROGRAM = iTerm.app
2020-10-25T12:37:28	ENV		Creating /Users/binarymisfit/.update_in_progress
2020-10-25T12:37:28	ENV		Checking if current operating system is supported (darwin19)
2020-10-25T12:37:28	ENV		Operating system is osx
2020-10-25T12:37:28	ENV		Checking if user can run sudo
2020-10-25T12:37:28	ENV		APP_SUDO = /usr/bin/sudo
2020-10-25T12:37:28	ENV		USER_ID = 501
2020-10-25T12:37:28	ENV		USER_IS_ROOT = false
2020-10-25T12:37:28	ENV		USER_IS_SUDO = true
2020-10-25T12:37:28	ENV		FILE_ENV = /Users/binarymisfit/.environment.zsh
2020-10-25T12:37:28	ENV		Checking if /Users/binarymisfit/.environment.zsh exists
2020-10-25T12:37:28	ENV		Sourcing /Users/binarymisfit/.environment.zsh
2020-10-25T12:37:28	ENV		COLORTERM = truecolor
2020-10-25T12:37:28	ENV		DEFAULT_USER = binarymisfit
2020-10-25T12:37:28	ENV		DISABLE_AUTO_UPDATE = true
2020-10-25T12:37:28	ENV		ITERM2_SQUELCH_MARK = 1
2020-10-25T12:37:28	ENV		KEYTIMEOUT = 1
2020-10-25T12:37:28	ENV		Sourcing /Users/binarymisfit/.environment.zsh
2020-10-25T12:37:28	ENV		COLORTERM = truecolor
2020-10-25T12:37:28	ENV		DEFAULT_USER = binarymisfit
2020-10-25T12:37:28	ENV		DISABLE_AUTO_UPDATE = true
2020-10-25T12:37:28	ENV		ITERM2_SQUELCH_MARK = 1
2020-10-25T12:37:28	ENV		KEYTIMEOUT = 1
2020-10-25T12:37:28	DOTFILE		DIR_DOT_FILES = /Users/binarymisfit/.dotfiles
2020-10-25T12:37:28	DOTFILE		Check if /Users/binarymisfit/.dotfiles exists
2020-10-25T12:37:28	DOTFILE		Update /Users/binarymisfit/.dotfiles
2020-10-25T12:37:28	DOTFILE		Checking if git is installed
2020-10-25T12:37:28	DOTFILE		APP_GIT = /usr/local/bin/git
2020-10-25T12:37:28	DOTFILE		Checking if git is installed
2020-10-25T12:37:28	DOTFILE		APP_GIT = /usr/local/bin/git
2020-10-25T12:37:28	DOTFILE		DOT_FILES_CONFIGURE = false
2020-10-25T12:37:28	DOTFILE		DOT_FILES_INSTALL = false
2020-10-25T12:37:28	DOTFILE		DOT_FILES_UPDATE = true
2020-10-25T12:37:28	DOTFILE		DOT_FILES_CONFIGURE = false
2020-10-25T12:37:28	DOTFILE		Checking if /Users/binarymisfit/.dotfiles needs updating
2020-10-25T12:37:30	DOTFILE		CURRENT_BRANCH = latest
2020-10-25T12:37:30	DOTFILE		CURRENT_HEAD = dedb93529d1c32c67d9b56dbc7274131d6530302
2020-10-25T12:37:30	DOTFILE		REMOTE_HEAD = dedb93529d1c32c67d9b56dbc7274131d6530302
2020-10-25T12:38:03	STARTUP		Update started
2020-10-25T12:38:03	STARTUP		DIR_DOT_FILES = /Users/binarymisfit/.dotfiles
2020-10-25T12:38:03	STARTUP		FILE_BUSY = /Users/binarymisfit/.update_in_progress
2020-10-25T12:38:03	STARTUP		FILE_LOG = /Users/binarymisfit/.dotfiles/log/update_env.log
2020-10-25T12:38:03	STARTUP		FILE_LOG_OUTPUT = /Users/binarymisfit/.dotfiles/log/update_env_output.log
2020-10-25T12:38:03	ENV		Checking if /Users/binarymisfit/.update_in_progress exists
2020-10-25T12:38:03	ENV		TMUX = 
2020-10-25T12:38:03	ENV		TERM_PROGRAM = iTerm.app
2020-10-25T12:38:03	ENV		Creating /Users/binarymisfit/.update_in_progress
2020-10-25T12:38:03	ENV		Checking if current operating system is supported (darwin19)
2020-10-25T12:38:03	ENV		Operating system is osx
2020-10-25T12:38:03	ENV		Checking if user can run sudo
2020-10-25T12:38:03	ENV		APP_SUDO = /usr/bin/sudo
2020-10-25T12:38:03	ENV		USER_ID = 501
2020-10-25T12:38:03	ENV		USER_IS_ROOT = false
2020-10-25T12:38:03	ENV		USER_IS_SUDO = true
2020-10-25T12:38:03	ENV		FILE_ENV = /Users/binarymisfit/.environment.zsh
2020-10-25T12:38:03	ENV		Checking if /Users/binarymisfit/.environment.zsh exists
2020-10-25T12:38:03	ENV		Sourcing /Users/binarymisfit/.environment.zsh
2020-10-25T12:38:03	ENV		COLORTERM = truecolor
2020-10-25T12:38:03	ENV		DEFAULT_USER = binarymisfit
2020-10-25T12:38:03	ENV		DISABLE_AUTO_UPDATE = true
2020-10-25T12:38:03	ENV		ITERM2_SQUELCH_MARK = 1
2020-10-25T12:38:03	ENV		KEYTIMEOUT = 1
2020-10-25T12:38:03	ENV		Sourcing /Users/binarymisfit/.environment.zsh
2020-10-25T12:38:03	ENV		COLORTERM = truecolor
2020-10-25T12:38:03	ENV		DEFAULT_USER = binarymisfit
2020-10-25T12:38:03	ENV		DISABLE_AUTO_UPDATE = true
2020-10-25T12:38:03	ENV		ITERM2_SQUELCH_MARK = 1
2020-10-25T12:38:03	ENV		KEYTIMEOUT = 1
2020-10-25T12:38:03	DOTFILE		DIR_DOT_FILES = /Users/binarymisfit/.dotfiles
2020-10-25T12:38:03	DOTFILE		Check if /Users/binarymisfit/.dotfiles exists
2020-10-25T12:38:03	DOTFILE		Update /Users/binarymisfit/.dotfiles
2020-10-25T12:38:03	DOTFILE		Checking if git is installed
2020-10-25T12:38:03	DOTFILE		APP_GIT = /usr/local/bin/git
2020-10-25T12:38:03	DOTFILE		Checking if git is installed
2020-10-25T12:38:03	DOTFILE		APP_GIT = /usr/local/bin/git
2020-10-25T12:38:03	DOTFILE		DOT_FILES_CONFIGURE = false
2020-10-25T12:38:03	DOTFILE		DOT_FILES_INSTALL = false
2020-10-25T12:38:03	DOTFILE		DOT_FILES_UPDATE = true
2020-10-25T12:38:03	DOTFILE		DOT_FILES_CONFIGURE = false
2020-10-25T12:38:03	DOTFILE		Checking if /Users/binarymisfit/.dotfiles needs updating
2020-10-25T12:38:05	DOTFILE		CURRENT_BRANCH = latest
2020-10-25T12:38:05	DOTFILE		CURRENT_HEAD = dedb93529d1c32c67d9b56dbc7274131d6530302
2020-10-25T12:38:05	DOTFILE		REMOTE_HEAD = dedb93529d1c32c67d9b56dbc7274131d6530302
2020-10-25T12:38:45	STARTUP		Update started
2020-10-25T12:38:45	STARTUP		DIR_DOT_FILES = /Users/binarymisfit/.dotfiles
2020-10-25T12:38:45	STARTUP		FILE_BUSY = /Users/binarymisfit/.update_in_progress
2020-10-25T12:38:45	STARTUP		FILE_LOG = /Users/binarymisfit/.dotfiles/log/update_env.log
2020-10-25T12:38:45	STARTUP		FILE_LOG_OUTPUT = /Users/binarymisfit/.dotfiles/log/update_env_output.log
2020-10-25T12:38:45	ENV		Checking if /Users/binarymisfit/.update_in_progress exists
2020-10-25T12:38:45	ENV		TMUX = 
2020-10-25T12:38:45	ENV		TERM_PROGRAM = iTerm.app
2020-10-25T12:38:45	ENV		Creating /Users/binarymisfit/.update_in_progress
2020-10-25T12:38:45	ENV		Checking if current operating system is supported (darwin19)
2020-10-25T12:38:45	ENV		Operating system is osx
2020-10-25T12:38:45	ENV		Checking if user can run sudo
2020-10-25T12:38:45	ENV		APP_SUDO = /usr/bin/sudo
2020-10-25T12:38:45	ENV		USER_ID = 501
2020-10-25T12:38:45	ENV		USER_IS_ROOT = false
2020-10-25T12:38:45	ENV		USER_IS_SUDO = true
2020-10-25T12:38:45	ENV		FILE_ENV = /Users/binarymisfit/.environment.zsh
2020-10-25T12:38:45	ENV		Checking if /Users/binarymisfit/.environment.zsh exists
2020-10-25T12:38:45	ENV		Sourcing /Users/binarymisfit/.environment.zsh
2020-10-25T12:38:45	ENV		COLORTERM = truecolor
2020-10-25T12:38:45	ENV		DEFAULT_USER = binarymisfit
2020-10-25T12:38:45	ENV		DISABLE_AUTO_UPDATE = true
2020-10-25T12:38:45	ENV		ITERM2_SQUELCH_MARK = 1
2020-10-25T12:38:45	ENV		KEYTIMEOUT = 1
2020-10-25T12:38:45	ENV		Sourcing /Users/binarymisfit/.environment.zsh
2020-10-25T12:38:45	ENV		COLORTERM = truecolor
2020-10-25T12:38:45	ENV		DEFAULT_USER = binarymisfit
2020-10-25T12:38:45	ENV		DISABLE_AUTO_UPDATE = true
2020-10-25T12:38:45	ENV		ITERM2_SQUELCH_MARK = 1
2020-10-25T12:38:45	ENV		KEYTIMEOUT = 1
2020-10-25T12:38:45	DOTFILE		DIR_DOT_FILES = /Users/binarymisfit/.dotfiles
2020-10-25T12:38:45	DOTFILE		Check if /Users/binarymisfit/.dotfiles exists
2020-10-25T12:38:45	DOTFILE		Update /Users/binarymisfit/.dotfiles
2020-10-25T12:38:45	DOTFILE		Checking if git is installed
2020-10-25T12:38:45	DOTFILE		APP_GIT = /usr/local/bin/git
2020-10-25T12:38:45	DOTFILE		Checking if git is installed
2020-10-25T12:38:45	DOTFILE		APP_GIT = /usr/local/bin/git
2020-10-25T12:38:45	DOTFILE		DOT_FILES_CONFIGURE = false
2020-10-25T12:38:45	DOTFILE		DOT_FILES_INSTALL = false
2020-10-25T12:38:45	DOTFILE		DOT_FILES_UPDATE = true
2020-10-25T12:38:45	DOTFILE		DOT_FILES_CONFIGURE = false
2020-10-25T12:38:45	DOTFILE		Checking if /Users/binarymisfit/.dotfiles needs updating
2020-10-25T12:38:46	DOTFILE		CURRENT_BRANCH = latest
2020-10-25T12:38:46	DOTFILE		CURRENT_HEAD = dedb93529d1c32c67d9b56dbc7274131d6530302
2020-10-25T12:38:46	DOTFILE		REMOTE_HEAD = dedb93529d1c32c67d9b56dbc7274131d6530302
2020-10-25T12:40:42	STARTUP		Update started
2020-10-25T12:40:42	STARTUP		DIR_DOT_FILES = /Users/binarymisfit/.dotfiles
2020-10-25T12:40:42	STARTUP		FILE_BUSY = /Users/binarymisfit/.update_in_progress
2020-10-25T12:40:42	STARTUP		FILE_LOG = /Users/binarymisfit/.dotfiles/log/update_env.log
2020-10-25T12:40:42	STARTUP		FILE_LOG_OUTPUT = /Users/binarymisfit/.dotfiles/log/update_env_output.log
2020-10-25T12:40:42	ENV		Checking if /Users/binarymisfit/.update_in_progress exists
2020-10-25T12:40:42	ENV		TMUX = 
2020-10-25T12:40:42	ENV		TERM_PROGRAM = iTerm.app
2020-10-25T12:40:42	ENV		Creating /Users/binarymisfit/.update_in_progress
2020-10-25T12:40:42	ENV		Checking if current operating system is supported (darwin19)
2020-10-25T12:40:42	ENV		Operating system is osx
2020-10-25T12:40:42	ENV		Checking if user can run sudo
2020-10-25T12:40:42	ENV		APP_SUDO = /usr/bin/sudo
2020-10-25T12:40:42	ENV		USER_ID = 501
2020-10-25T12:40:42	ENV		USER_IS_ROOT = false
2020-10-25T12:40:42	ENV		USER_IS_SUDO = true
2020-10-25T12:40:42	ENV		FILE_ENV = /Users/binarymisfit/.environment.zsh
2020-10-25T12:40:42	ENV		Checking if /Users/binarymisfit/.environment.zsh exists
2020-10-25T12:40:42	ENV		Sourcing /Users/binarymisfit/.environment.zsh
2020-10-25T12:40:42	ENV		COLORTERM = truecolor
2020-10-25T12:40:42	ENV		DEFAULT_USER = binarymisfit
2020-10-25T12:40:42	ENV		DISABLE_AUTO_UPDATE = true
2020-10-25T12:40:42	ENV		ITERM2_SQUELCH_MARK = 1
2020-10-25T12:40:42	ENV		KEYTIMEOUT = 1
2020-10-25T12:40:42	ENV		Sourcing /Users/binarymisfit/.environment.zsh
2020-10-25T12:40:42	ENV		COLORTERM = truecolor
2020-10-25T12:40:42	ENV		DEFAULT_USER = binarymisfit
2020-10-25T12:40:42	ENV		DISABLE_AUTO_UPDATE = true
2020-10-25T12:40:42	ENV		ITERM2_SQUELCH_MARK = 1
2020-10-25T12:40:42	ENV		KEYTIMEOUT = 1
2020-10-25T12:40:42	DOTFILE		DIR_DOT_FILES = /Users/binarymisfit/.dotfiles
2020-10-25T12:40:42	DOTFILE		Check if /Users/binarymisfit/.dotfiles exists
2020-10-25T12:40:42	DOTFILE		Update /Users/binarymisfit/.dotfiles
2020-10-25T12:40:42	DOTFILE		Checking if git is installed
2020-10-25T12:40:42	DOTFILE		APP_GIT = /usr/local/bin/git
2020-10-25T12:40:42	DOTFILE		Checking if git is installed
2020-10-25T12:40:42	DOTFILE		APP_GIT = /usr/local/bin/git
2020-10-25T12:40:42	DOTFILE		DOT_FILES_CONFIGURE = false
2020-10-25T12:40:42	DOTFILE		DOT_FILES_INSTALL = false
2020-10-25T12:40:42	DOTFILE		DOT_FILES_UPDATE = true
2020-10-25T12:40:42	DOTFILE		DOT_FILES_CONFIGURE = false
2020-10-25T12:40:42	DOTFILE		Checking if /Users/binarymisfit/.dotfiles needs updating
2020-10-25T12:40:44	DOTFILE		CURRENT_BRANCH = latest
2020-10-25T12:40:44	DOTFILE		CURRENT_HEAD = dedb93529d1c32c67d9b56dbc7274131d6530302
2020-10-25T12:40:44	DOTFILE		REMOTE_HEAD = dedb93529d1c32c67d9b56dbc7274131d6530302
2020-10-25T12:42:11	STARTUP		Update started
2020-10-25T12:42:11	STARTUP		DIR_DOT_FILES = /Users/binarymisfit/.dotfiles
2020-10-25T12:42:11	STARTUP		FILE_BUSY = /Users/binarymisfit/.update_in_progress
2020-10-25T12:42:11	STARTUP		FILE_LOG = /Users/binarymisfit/.dotfiles/log/update_env.log
2020-10-25T12:42:11	STARTUP		FILE_LOG_OUTPUT = /Users/binarymisfit/.dotfiles/log/update_env_output.log
2020-10-25T12:42:11	ENV		Checking if /Users/binarymisfit/.update_in_progress exists
2020-10-25T12:42:11	ENV		TMUX = 
2020-10-25T12:42:11	ENV		TERM_PROGRAM = iTerm.app
2020-10-25T12:42:11	ENV		Creating /Users/binarymisfit/.update_in_progress
2020-10-25T12:42:11	ENV		Checking if current operating system is supported (darwin19)
2020-10-25T12:42:11	ENV		Operating system is osx
2020-10-25T12:42:11	ENV		Checking if user can run sudo
2020-10-25T12:42:11	ENV		APP_SUDO = /usr/bin/sudo
2020-10-25T12:42:11	ENV		USER_ID = 501
2020-10-25T12:42:11	ENV		USER_IS_ROOT = false
2020-10-25T12:42:11	ENV		USER_IS_SUDO = true
2020-10-25T12:42:11	ENV		FILE_ENV = /Users/binarymisfit/.environment.zsh
2020-10-25T12:42:11	ENV		Checking if /Users/binarymisfit/.environment.zsh exists
2020-10-25T12:42:11	ENV		Creating /Users/binarymisfit/.environment.zsh
2020-10-25T12:42:11	ENV		Sourcing /Users/binarymisfit/.environment.zsh
2020-10-25T12:42:11	ENV		COLORTERM = 
2020-10-25T12:42:11	ENV		DEFAULT_USER = 
2020-10-25T12:42:11	ENV		DISABLE_AUTO_UPDATE = 
2020-10-25T12:42:11	ENV		ITERM2_SQUELCH_MARK = 
2020-10-25T12:42:11	ENV		KEYTIMEOUT = 
2020-10-25T12:42:11	ENV		Sourcing /Users/binarymisfit/.environment.zsh
2020-10-25T12:42:11	ENV		COLORTERM = truecolor
2020-10-25T12:42:11	ENV		DEFAULT_USER = binarymisfit
2020-10-25T12:42:11	ENV		DISABLE_AUTO_UPDATE = true
2020-10-25T12:42:11	ENV		ITERM2_SQUELCH_MARK = 1
2020-10-25T12:42:11	ENV		KEYTIMEOUT = 1
2020-10-25T12:42:11	DOTFILE		DIR_DOT_FILES = /Users/binarymisfit/.dotfiles
2020-10-25T12:42:11	DOTFILE		Check if /Users/binarymisfit/.dotfiles exists
2020-10-25T12:42:11	DOTFILE		Update /Users/binarymisfit/.dotfiles
2020-10-25T12:42:11	DOTFILE		Checking if git is installed
2020-10-25T12:42:11	DOTFILE		APP_GIT = /usr/local/bin/git
2020-10-25T12:42:11	DOTFILE		Checking if git is installed
2020-10-25T12:42:11	DOTFILE		APP_GIT = /usr/local/bin/git
2020-10-25T12:42:11	DOTFILE		DOT_FILES_CONFIGURE = false
2020-10-25T12:42:11	DOTFILE		DOT_FILES_INSTALL = false
2020-10-25T12:42:11	DOTFILE		DOT_FILES_UPDATE = true
2020-10-25T12:42:11	DOTFILE		DOT_FILES_CONFIGURE = false
2020-10-25T12:42:11	DOTFILE		Checking if /Users/binarymisfit/.dotfiles needs updating
2020-10-25T12:42:13	DOTFILE		CURRENT_BRANCH = latest
2020-10-25T12:42:13	DOTFILE		CURRENT_HEAD = dedb93529d1c32c67d9b56dbc7274131d6530302
2020-10-25T12:42:13	DOTFILE		REMOTE_HEAD = dedb93529d1c32c67d9b56dbc7274131d6530302
2020-10-25T12:43:34	STARTUP		Update started
2020-10-25T12:43:34	STARTUP		DIR_DOT_FILES = /Users/binarymisfit/.dotfiles
2020-10-25T12:43:34	STARTUP		FILE_BUSY = /Users/binarymisfit/.update_in_progress
2020-10-25T12:43:34	STARTUP		FILE_LOG = /Users/binarymisfit/.dotfiles/log/update_env.log
2020-10-25T12:43:34	STARTUP		FILE_LOG_OUTPUT = /Users/binarymisfit/.dotfiles/log/update_env_output.log
2020-10-25T12:43:34	ENV		Checking if /Users/binarymisfit/.update_in_progress exists
2020-10-25T12:43:34	ENV		TMUX = 
2020-10-25T12:43:34	ENV		TERM_PROGRAM = iTerm.app
2020-10-25T12:43:34	ENV		Creating /Users/binarymisfit/.update_in_progress
2020-10-25T12:43:34	ENV		Checking if current operating system is supported (darwin19)
2020-10-25T12:43:34	ENV		Operating system is osx
2020-10-25T12:43:34	ENV		Checking if user can run sudo
2020-10-25T12:43:34	ENV		APP_SUDO = /usr/bin/sudo
2020-10-25T12:43:34	ENV		USER_ID = 501
2020-10-25T12:43:34	ENV		USER_IS_ROOT = false
2020-10-25T12:43:34	ENV		USER_IS_SUDO = true
2020-10-25T12:43:34	ENV		FILE_ENV = /Users/binarymisfit/.environment.zsh
2020-10-25T12:43:34	ENV		Checking if /Users/binarymisfit/.environment.zsh exists
2020-10-25T12:43:34	ENV		Sourcing /Users/binarymisfit/.environment.zsh
2020-10-25T12:43:34	ENV		COLORTERM = truecolor
2020-10-25T12:43:34	ENV		DEFAULT_USER = binarymisfit
2020-10-25T12:43:34	ENV		DISABLE_AUTO_UPDATE = true
2020-10-25T12:43:34	ENV		ITERM2_SQUELCH_MARK = 1
2020-10-25T12:43:34	ENV		KEYTIMEOUT = 1
2020-10-25T12:43:34	ENV		Sourcing /Users/binarymisfit/.environment.zsh
2020-10-25T12:43:34	ENV		COLORTERM = truecolor
2020-10-25T12:43:34	ENV		DEFAULT_USER = binarymisfit
2020-10-25T12:43:34	ENV		DISABLE_AUTO_UPDATE = true
2020-10-25T12:43:34	ENV		ITERM2_SQUELCH_MARK = 1
2020-10-25T12:43:34	ENV		KEYTIMEOUT = 1
2020-10-25T12:43:34	DOTFILE		DIR_DOT_FILES = /Users/binarymisfit/.dotfiles
2020-10-25T12:43:34	DOTFILE		Check if /Users/binarymisfit/.dotfiles exists
2020-10-25T12:43:34	DOTFILE		Update /Users/binarymisfit/.dotfiles
2020-10-25T12:43:34	DOTFILE		Checking if git is installed
2020-10-25T12:43:34	DOTFILE		APP_GIT = /usr/local/bin/git
2020-10-25T12:43:34	DOTFILE		Checking if git is installed
2020-10-25T12:43:34	DOTFILE		APP_GIT = /usr/local/bin/git
2020-10-25T12:43:34	DOTFILE		DOT_FILES_CONFIGURE = false
2020-10-25T12:43:34	DOTFILE		DOT_FILES_INSTALL = false
2020-10-25T12:43:34	DOTFILE		DOT_FILES_UPDATE = true
2020-10-25T12:43:34	DOTFILE		DOT_FILES_CONFIGURE = false
2020-10-25T12:43:34	DOTFILE		Checking if /Users/binarymisfit/.dotfiles needs updating
2020-10-25T12:43:36	DOTFILE		CURRENT_BRANCH = latest
2020-10-25T12:43:36	DOTFILE		CURRENT_HEAD = dedb93529d1c32c67d9b56dbc7274131d6530302
2020-10-25T12:43:36	DOTFILE		REMOTE_HEAD = dedb93529d1c32c67d9b56dbc7274131d6530302
2020-10-25T12:44:43	STARTUP		Update started
2020-10-25T12:44:43	STARTUP		DIR_DOT_FILES = /Users/binarymisfit/.dotfiles
2020-10-25T12:44:43	STARTUP		FILE_BUSY = /Users/binarymisfit/.update_in_progress
2020-10-25T12:44:43	STARTUP		FILE_LOG = /Users/binarymisfit/.dotfiles/log/update_env.log
2020-10-25T12:44:43	STARTUP		FILE_LOG_OUTPUT = /Users/binarymisfit/.dotfiles/log/update_env_output.log
2020-10-25T12:44:43	ENV		Checking if /Users/binarymisfit/.update_in_progress exists
2020-10-25T12:44:43	ENV		TMUX = 
2020-10-25T12:44:43	ENV		TERM_PROGRAM = iTerm.app
2020-10-25T12:44:43	ENV		Creating /Users/binarymisfit/.update_in_progress
2020-10-25T12:44:43	ENV		Checking if current operating system is supported (darwin19)
2020-10-25T12:44:43	ENV		Operating system is osx
2020-10-25T12:44:43	ENV		Checking if user can run sudo
2020-10-25T12:44:43	ENV		APP_SUDO = /usr/bin/sudo
2020-10-25T12:44:43	ENV		USER_ID = 501
2020-10-25T12:44:43	ENV		USER_IS_ROOT = false
2020-10-25T12:44:43	ENV		USER_IS_SUDO = true
2020-10-25T12:44:43	ENV		FILE_ENV = /Users/binarymisfit/.environment.zsh
2020-10-25T12:44:44	ENV		Checking if /Users/binarymisfit/.environment.zsh exists
2020-10-25T12:44:44	ENV		Sourcing /Users/binarymisfit/.environment.zsh
2020-10-25T12:44:44	ENV		COLORTERM = truecolor
2020-10-25T12:44:44	ENV		DEFAULT_USER = binarymisfit
2020-10-25T12:44:44	ENV		DISABLE_AUTO_UPDATE = true
2020-10-25T12:44:44	ENV		ITERM2_SQUELCH_MARK = 1
2020-10-25T12:44:44	ENV		KEYTIMEOUT = 1
2020-10-25T12:44:44	ENV		Sourcing /Users/binarymisfit/.environment.zsh
2020-10-25T12:44:44	ENV		COLORTERM = truecolor
2020-10-25T12:44:44	ENV		DEFAULT_USER = binarymisfit
2020-10-25T12:44:44	ENV		DISABLE_AUTO_UPDATE = true
2020-10-25T12:44:44	ENV		ITERM2_SQUELCH_MARK = 1
2020-10-25T12:44:44	ENV		KEYTIMEOUT = 1
2020-10-25T12:44:44	DOTFILE		DIR_DOT_FILES = /Users/binarymisfit/.dotfiles
2020-10-25T12:44:44	DOTFILE		Check if /Users/binarymisfit/.dotfiles exists
2020-10-25T12:44:44	DOTFILE		Update /Users/binarymisfit/.dotfiles
2020-10-25T12:44:44	DOTFILE		Checking if git is installed
2020-10-25T12:44:44	DOTFILE		APP_GIT = /usr/local/bin/git
2020-10-25T12:44:44	DOTFILE		Checking if git is installed
2020-10-25T12:44:44	DOTFILE		APP_GIT = /usr/local/bin/git
2020-10-25T12:44:44	DOTFILE		DOT_FILES_CONFIGURE = false
2020-10-25T12:44:44	DOTFILE		DOT_FILES_INSTALL = false
2020-10-25T12:44:44	DOTFILE		DOT_FILES_UPDATE = true
2020-10-25T12:44:44	DOTFILE		DOT_FILES_CONFIGURE = false
2020-10-25T12:44:44	DOTFILE		Checking if /Users/binarymisfit/.dotfiles needs updating
2020-10-25T12:44:46	DOTFILE		CURRENT_BRANCH = latest
2020-10-25T12:44:46	DOTFILE		CURRENT_HEAD = dedb93529d1c32c67d9b56dbc7274131d6530302
2020-10-25T12:44:46	DOTFILE		REMOTE_HEAD = dedb93529d1c32c67d9b56dbc7274131d6530302
